-----CHECK-----
START
-----Testing function 0: Trivial
Homomorphic: 1e+06 homomorphic cases under 1000000 tests
HD=1:0. HD=2:56226. HD=3:277. HD=4:27. HD=5:0. HD=6:0. HD=7:0. HD>7:0. 
ErrorRatio: 56530 undetected cases in 26887405 error cases 
-----END
TIME: 5118 second.

-----Testing function 1: LRC
Homomorphic: 0 homomorphic cases under 1000000 tests
HD=1:0. HD=2:113405. HD=3:0. HD=4:104. HD=5:0. HD=6:0. HD=7:0. HD>7:0. 
ErrorRatio: 113509 undetected cases in 26887961 error cases 
-----END
TIME: 5120 second.

-----Testing function 2: CRC
Homomorphic: 0 homomorphic cases under 1000000 tests
HD=1:0. HD=2:0. HD=3:0. HD=4:0. HD=5:0. HD=6:0. HD=7:0. HD>7:0. 
ErrorRatio: 0 undetected cases in 26891823 error cases 
-----END
TIME: 5237 second.

-----Testing function 3: None
Homomorphic: 1e+06 homomorphic cases under 1000000 tests
HD=1:22668519. HD=2:3510130. HD=3:362840. HD=4:27906. HD=5:1757. HD=6:91. HD=7:6. HD>7:6. 
ErrorRatio: 2.65712e+07 undetected cases in 26891149 error cases 
-----END
TIME: 5112 second.

-----Testing function 4: Fletcher
Homomorphic: 0 homomorphic cases under 1000000 tests
HD=1:0. HD=2:0. HD=3:2. HD=4:1. HD=5:0. HD=6:0. HD=7:0. HD>7:0. 
ErrorRatio: 3 undetected cases in 26889314 error cases 
-----END
TIME: 5206 second.

-----Testing function 5: Adler
Homomorphic: 0 homomorphic cases under 1000000 tests
HD=1:0. HD=2:0. HD=3:4. HD=4:0. HD=5:0. HD=6:0. HD=7:0. HD>7:0. 
ErrorRatio: 4 undetected cases in 26892163 error cases 
-----END
TIME: 5250 second.

-----Testing function 6: AdlerPro
Homomorphic: 1e+06 homomorphic cases under 1000000 tests
slurmstepd: error: *** JOB 40469 ON cn02 CANCELLED AT 2023-08-06T12:15:23 DUE TO TIME LIMIT ***
